\BOOKMARK [0][-]{chineseabstract.0}{\376\377\116\055\145\207\144\130\211\201}{}% 1
\BOOKMARK [0][-]{englishabstract.0}{\376\377\202\361\145\207\144\130\211\201}{}% 2
\BOOKMARK [0][-]{toc.0}{\376\377\166\356\137\125}{}% 3
\BOOKMARK [0][-]{chapter.1}{\376\377\173\054\116\000\172\340\000\040\176\352\213\272}{}% 4
\BOOKMARK [1][-]{section.1.1}{\376\377\0001\000.\0001\000\040\200\314\146\157\122\006\147\220}{chapter.1}% 5
\BOOKMARK [1][-]{section.1.2}{\376\377\0001\000.\0002\000\040\126\375\121\205\131\026\170\024\172\166\163\260\162\266}{chapter.1}% 6
\BOOKMARK [1][-]{section.1.3}{\376\377\0001\000.\0003\000\040\170\024\172\166\121\205\133\271}{chapter.1}% 7
\BOOKMARK [1][-]{section.1.4}{\376\377\0001\000.\0004\000\040\213\272\145\207\176\323\147\204}{chapter.1}% 8
\BOOKMARK [0][-]{chapter.2}{\376\377\173\054\116\214\172\340\000\040\166\370\121\163\142\200\147\057\170\024\172\166}{}% 9
\BOOKMARK [1][-]{section.2.1}{\376\377\0002\000.\0001\000\040\152\041\174\312\155\113\213\325\142\200\147\057}{chapter.2}% 10
\BOOKMARK [2][-]{subsection.2.1.1}{\376\377\0002\000.\0001\000.\0001\000\040\236\321\166\322\152\041\174\312\155\113\213\325\142\200\147\057}{section.2.1}% 11
\BOOKMARK [2][-]{subsection.2.1.2}{\376\377\0002\000.\0001\000.\0002\000\040\166\175\166\322\152\041\174\312\155\113\213\325\142\200\147\057}{section.2.1}% 12
\BOOKMARK [2][-]{subsection.2.1.3}{\376\377\0002\000.\0001\000.\0003\000\040\160\160\166\322\152\041\174\312\155\113\213\325\142\200\147\057}{section.2.1}% 13
\BOOKMARK [1][-]{section.2.2}{\376\377\0002\000.\0002\000\040\133\232\124\021\152\041\174\312\155\113\213\325\142\200\147\057}{chapter.2}% 14
\BOOKMARK [2][-]{subsection.2.2.1}{\376\377\0002\000.\0002\000.\0001\000\040\166\175\166\322\133\232\124\021\152\041\174\312\155\113\213\325\142\200\147\057}{section.2.2}% 15
\BOOKMARK [2][-]{subsection.2.2.2}{\376\377\0002\000.\0002\000.\0002\000\040\160\160\166\322\133\232\124\021\152\041\174\312\155\113\213\325\142\200\147\057}{section.2.2}% 16
\BOOKMARK [1][-]{section.2.3}{\376\377\0002\000.\0003\000\040\170\024\172\166\122\250\147\072}{chapter.2}% 17
\BOOKMARK [1][-]{section.2.4}{\376\377\0002\000.\0004\000\040\147\054\172\340\134\017\176\323}{chapter.2}% 18
\BOOKMARK [0][-]{chapter.3}{\376\377\173\054\116\011\172\340\000\040\127\372\116\216\000A\000F\000L\000G\000o\166\204\133\232\124\021\152\041\174\312\155\113\213\325\173\126\165\145\226\306\142\020}{}% 19
\BOOKMARK [1][-]{section.3.1}{\376\377\0003\000.\0001\000\040\152\041\174\312\155\113\213\325\142\200\147\057}{chapter.3}% 20
\BOOKMARK [2][-]{subsection.3.1.1}{\376\377\0003\000.\0001\000.\0001\000\040\236\321\166\322\152\041\174\312\155\113\213\325\142\200\147\057}{section.3.1}% 21
\BOOKMARK [2][-]{subsection.3.1.2}{\376\377\0003\000.\0001\000.\0002\000\040\166\175\166\322\152\041\174\312\155\113\213\325\142\200\147\057}{section.3.1}% 22
\BOOKMARK [2][-]{subsection.3.1.3}{\376\377\0003\000.\0001\000.\0003\000\040\160\160\166\322\152\041\174\312\155\113\213\325\142\200\147\057}{section.3.1}% 23
\BOOKMARK [1][-]{section.3.2}{\376\377\0003\000.\0002\000\040\133\232\124\021\152\041\174\312\155\113\213\325\142\200\147\057}{chapter.3}% 24
\BOOKMARK [2][-]{subsection.3.2.1}{\376\377\0003\000.\0002\000.\0001\000\040\166\175\166\322\133\232\124\021\152\041\174\312\155\113\213\325\142\200\147\057}{section.3.2}% 25
\BOOKMARK [2][-]{subsection.3.2.2}{\376\377\0003\000.\0002\000.\0002\000\040\160\160\166\322\133\232\124\021\152\041\174\312\155\113\213\325\142\200\147\057}{section.3.2}% 26
\BOOKMARK [1][-]{section.3.3}{\376\377\0003\000.\0003\000\040\170\024\172\166\122\250\147\072}{chapter.3}% 27
\BOOKMARK [1][-]{section.3.4}{\376\377\0003\000.\0004\000\040\147\054\172\340\134\017\176\323}{chapter.3}% 28
\BOOKMARK [0][-]{chapter.4}{\376\377\173\054\126\333\172\340\000\040\227\000\211\201\121\340\172\340\201\352\135\361\122\240\116\000\116\013\377\001}{}% 29
\BOOKMARK [0][-]{chapter*.4}{\376\377\176\323\147\137\213\355}{}% 30
\BOOKMARK [0][-]{chapter*.5}{\376\377\201\364\214\042}{}% 31
\BOOKMARK [0][-]{chapter*.6}{\376\377\123\302\200\003\145\207\163\056}{}% 32
\BOOKMARK [0][-]{chapter*.7}{\376\377\226\104\137\125}{}% 33
\BOOKMARK [1][-]{section.4.1}{\376\377\0001\000\040\147\054\171\321\147\037\225\364\166\204\133\146\147\057\142\020\147\234\123\321\210\150\140\305\121\265}{chapter*.7}% 34
\BOOKMARK [1][-]{section.4.2}{\376\377\0002\000\040\147\054\171\321\147\037\225\364\166\204\203\267\131\126\140\305\121\265}{chapter*.7}% 35
